<?xml version="1.0" encoding="UTF-8"?>
<!-- Generated by org.testng.reporters.JUnitReportReporter -->
<testsuite hostname="LTIN520647" failures="0" tests="9" name="testcase.TC_01_Travel" time="22.977" errors="0" timestamp="2024-02-29T14:54:53 IST" skipped="0">
  <testcase classname="testcase.TC_01_Travel" name="traveldetails" time="3.635"/>
  <testcase classname="testcase.TC_01_Travel" name="date" time="2.848"/>
  <testcase classname="testcase.TC_01_Travel" name="notravellers" time="0.365"/>
  <testcase classname="testcase.TC_01_Travel" name="travellerdetails" time="2.499"/>
  <testcase classname="testcase.TC_01_Travel" name="medicalcondition" time="0.434"/>
  <testcase classname="testcase.TC_01_Travel" name="mobile" time="0.798"/>
  <testcase classname="testcase.TC_01_Travel" name="studentplans" time="8.331"/>
  <testcase classname="testcase.TC_01_Travel" name="sortby" time="2.839"/>
  <testcase classname="testcase.TC_01_Travel" name="navigate" time="1.228"/>
</testsuite> <!-- testcase.TC_01_Travel -->
