<?xml version="1.0" encoding="UTF-8"?>
<!-- Generated by org.testng.reporters.JUnitReportReporter -->
<testsuite hostname="LTIN520647" failures="0" tests="2" name="testcase.TC_03_Health" time="0.953" errors="0" timestamp="2024-02-29T14:54:53 IST" skipped="0">
  <testcase classname="testcase.TC_03_Health" name="Healthinsurance" time="0.255"/>
  <testcase classname="testcase.TC_03_Health" name="Healthinsurance_menu" time="0.698"/>
</testsuite> <!-- testcase.TC_03_Health -->
