<?xml version="1.0" encoding="UTF-8"?>
<!-- Generated by org.testng.reporters.JUnitReportReporter -->
<testsuite hostname="LTIN520647" failures="0" tests="9" name="testcase.TC_02_Car" time="5.929" errors="0" timestamp="2024-02-29T14:54:53 IST" skipped="0">
  <testcase classname="testcase.TC_02_Car" name="carinsurances" time="3.353"/>
  <testcase classname="testcase.TC_02_Car" name="carlocation" time="0.284"/>
  <testcase classname="testcase.TC_02_Car" name="carno" time="0.061"/>
  <testcase classname="testcase.TC_02_Car" name="carbrand" time="0.436"/>
  <testcase classname="testcase.TC_02_Car" name="carmodel" time="0.395"/>
  <testcase classname="testcase.TC_02_Car" name="carfuel" time="0.317"/>
  <testcase classname="testcase.TC_02_Car" name="carvariant" time="0.121"/>
  <testcase classname="testcase.TC_02_Car" name="userdetails_and_errormsg" time="0.236"/>
  <testcase classname="testcase.TC_02_Car" name="navigate" time="0.726"/>
</testsuite> <!-- testcase.TC_02_Car -->
