<?xml version="1.0" encoding="UTF-8"?>
<!-- Generated by org.testng.reporters.JUnitReportReporter -->
<testsuite hostname="LTIN520647" failures="0" tests="2" name="testcase.testcase3" time="0.886" errors="0" timestamp="2024-02-29T11:37:53 IST" skipped="0">
  <testcase classname="testcase.testcase3" name="Healthinsurance" time="0.173"/>
  <system-out/>
  <testcase classname="testcase.testcase3" name="Healthinsurance_menu" time="0.713"/>
  <system-out/>
</testsuite> <!-- testcase.testcase3 -->
