<?xml version="1.0" encoding="UTF-8"?>
<!-- Generated by org.testng.reporters.JUnitReportReporter -->
<testsuite hostname="LTIN520647" failures="0" tests="2" name="testcase.TC_03_Health" time="0.936" errors="0" timestamp="2024-02-29T12:43:56 IST" skipped="0">
  <testcase classname="testcase.TC_03_Health" name="Healthinsurance" time="0.113"/>
  <system-out/>
  <testcase classname="testcase.TC_03_Health" name="Healthinsurance_menu" time="0.823"/>
  <system-out/>
</testsuite> <!-- testcase.TC_03_Health -->
