<?xml version="1.0" encoding="UTF-8"?>
<!-- Generated by org.testng.reporters.JUnitReportReporter -->
<testsuite hostname="LTIN520647" failures="0" tests="9" name="testcase.testcase" time="25.785" errors="0" timestamp="2024-02-29T11:37:53 IST" skipped="0">
  <testcase classname="testcase.testcase" name="traveldetails" time="3.635"/>
  <system-out/>
  <testcase classname="testcase.testcase" name="date" time="2.692"/>
  <system-out/>
  <testcase classname="testcase.testcase" name="notravellers" time="0.374"/>
  <system-out/>
  <testcase classname="testcase.testcase" name="travellerdetails" time="2.702"/>
  <system-out/>
  <testcase classname="testcase.testcase" name="medicalcondition" time="0.408"/>
  <system-out/>
  <testcase classname="testcase.testcase" name="mobile" time="0.763"/>
  <system-out/>
  <testcase classname="testcase.testcase" name="studentplans" time="10.479"/>
  <system-out/>
  <testcase classname="testcase.testcase" name="sortby" time="3.052"/>
  <system-out/>
  <testcase classname="testcase.testcase" name="navigate" time="1.680"/>
  <system-out/>
</testsuite> <!-- testcase.testcase -->
