<?xml version="1.0" encoding="UTF-8"?>
<!-- Generated by org.testng.reporters.JUnitReportReporter -->
<testsuite hostname="LTIN520647" failures="0" tests="9" name="testcase.TC_01_Travel" time="24.323" errors="0" timestamp="2024-02-29T12:43:56 IST" skipped="0">
  <testcase classname="testcase.TC_01_Travel" name="traveldetails" time="3.349"/>
  <system-out/>
  <testcase classname="testcase.TC_01_Travel" name="date" time="3.071"/>
  <system-out/>
  <testcase classname="testcase.TC_01_Travel" name="notravellers" time="0.357"/>
  <system-out/>
  <testcase classname="testcase.TC_01_Travel" name="travellerdetails" time="2.652"/>
  <system-out/>
  <testcase classname="testcase.TC_01_Travel" name="medicalcondition" time="0.427"/>
  <system-out/>
  <testcase classname="testcase.TC_01_Travel" name="mobile" time="0.927"/>
  <system-out/>
  <testcase classname="testcase.TC_01_Travel" name="studentplans" time="9.046"/>
  <system-out/>
  <testcase classname="testcase.TC_01_Travel" name="sortby" time="2.960"/>
  <system-out/>
  <testcase classname="testcase.TC_01_Travel" name="navigate" time="1.534"/>
  <system-out/>
</testsuite> <!-- testcase.TC_01_Travel -->
