<?xml version="1.0" encoding="UTF-8"?>
<!-- Generated by org.testng.reporters.JUnitReportReporter -->
<testsuite hostname="LTIN520647" failures="0" tests="9" name="testcase.testcase2" time="7.648" errors="0" timestamp="2024-02-29T11:37:53 IST" skipped="0">
  <testcase classname="testcase.testcase2" name="carinsurances" time="4.257"/>
  <system-out/>
  <testcase classname="testcase.testcase2" name="carlocation" time="0.098"/>
  <system-out/>
  <testcase classname="testcase.testcase2" name="carno" time="0.066"/>
  <system-out/>
  <testcase classname="testcase.testcase2" name="carbrand" time="0.753"/>
  <system-out/>
  <testcase classname="testcase.testcase2" name="carmodel" time="0.369"/>
  <system-out/>
  <testcase classname="testcase.testcase2" name="carfuel" time="0.892"/>
  <system-out/>
  <testcase classname="testcase.testcase2" name="carvariant" time="0.136"/>
  <system-out/>
  <testcase classname="testcase.testcase2" name="userdetails_and_errormsg" time="0.197"/>
  <system-out/>
  <testcase classname="testcase.testcase2" name="navigate" time="0.880"/>
  <system-out/>
</testsuite> <!-- testcase.testcase2 -->
