<?xml version="1.0" encoding="UTF-8"?>
<!-- Generated by org.testng.reporters.JUnitReportReporter -->
<testsuite hostname="LTIN520647" failures="0" tests="9" name="testcase.TC_02_Car" time="8.610" errors="0" timestamp="2024-02-29T12:43:56 IST" skipped="0">
  <testcase classname="testcase.TC_02_Car" name="carinsurances" time="4.283"/>
  <system-out/>
  <testcase classname="testcase.TC_02_Car" name="carlocation" time="0.401"/>
  <system-out/>
  <testcase classname="testcase.TC_02_Car" name="carno" time="0.073"/>
  <system-out/>
  <testcase classname="testcase.TC_02_Car" name="carbrand" time="0.373"/>
  <system-out/>
  <testcase classname="testcase.TC_02_Car" name="carmodel" time="0.595"/>
  <system-out/>
  <testcase classname="testcase.TC_02_Car" name="carfuel" time="0.376"/>
  <system-out/>
  <testcase classname="testcase.TC_02_Car" name="carvariant" time="0.174"/>
  <system-out/>
  <testcase classname="testcase.TC_02_Car" name="userdetails_and_errormsg" time="0.264"/>
  <system-out/>
  <testcase classname="testcase.TC_02_Car" name="navigate" time="2.071"/>
  <system-out/>
</testsuite> <!-- testcase.TC_02_Car -->
